android/app/build/outputs/mapping/release/seeds.txt
app.lovable.avishkar.MainActivity
app.lovable.avishkar.models.ImageItem
app.lovable.avishkar.AvishkarApplication
app.lovable.edaf6c8a99f44154a62e5ea9345f08e9.DataBinderMapperImpl
app.lovable.avishkar.services.ImageManager
app.lovable.avishkar.models.ImageItem: java.lang.String uploadDate
app.lovable.avishkar.models.ImageItem: java.lang.String title
app.lovable.avishkar.models.ImageItem: java.lang.String url
app.lovable.avishkar.models.ImageItem: java.lang.String fileName
app.lovable.avishkar.models.ImageItem: java.lang.String category
app.lovable.avishkar.models.ImageItem: java.lang.String id
app.lovable.avishkar.services.ImageManager: app.lovable.avishkar.services.ImageManager INSTANCE
app.lovable.avishkar.models.ImageItem: java.lang.String localPath
app.lovable.avishkar.models.ImageItem: java.lang.String component4()
app.lovable.avishkar.models.ImageItem: java.lang.String component6()
app.lovable.avishkar.models.ImageItem: java.lang.String component3()
app.lovable.avishkar.models.ImageItem: java.lang.String toString()
app.lovable.avishkar.models.ImageItem: java.lang.String getUrl()
app.lovable.avishkar.models.ImageItem: ImageItem(java.lang.String,java.lang.String,java.lang.String,java.lang.String,java.lang.String,java.lang.String,java.lang.String,int,kotlin.jvm.internal.DefaultConstructorMarker)
app.lovable.avishkar.models.ImageItem: java.lang.String getUploadDate()
app.lovable.avishkar.models.ImageItem: java.lang.String component5()
app.lovable.avishkar.services.ImageManager: void initialize(android.content.Context,java.lang.String,java.lang.String)
app.lovable.avishkar.AvishkarApplication: void onCreate()
app.lovable.edaf6c8a99f44154a62e5ea9345f08e9.DataBinderMapperImpl: DataBinderMapperImpl()
app.lovable.avishkar.models.ImageItem: java.lang.String component2()
app.lovable.avishkar.models.ImageItem: ImageItem(java.lang.String,java.lang.String,java.lang.String,java.lang.String,java.lang.String,java.lang.String,java.lang.String)
app.lovable.avishkar.models.ImageItem: java.lang.String component7()
app.lovable.avishkar.models.ImageItem: java.lang.String getLocalPath()
app.lovable.avishkar.models.ImageItem: app.lovable.avishkar.models.ImageItem copy(java.lang.String,java.lang.String,java.lang.String,java.lang.String,java.lang.String,java.lang.String,java.lang.String)
app.lovable.avishkar.models.ImageItem: java.lang.String getCategory()
app.lovable.avishkar.models.ImageItem: java.lang.String component1()
app.lovable.avishkar.services.ImageManager: ImageManager()
app.lovable.avishkar.AvishkarApplication: AvishkarApplication()
app.lovable.avishkar.models.ImageItem: java.lang.String getFileName()
app.lovable.avishkar.models.ImageItem: app.lovable.avishkar.models.ImageItem copy$default(app.lovable.avishkar.models.ImageItem,java.lang.String,java.lang.String,java.lang.String,java.lang.String,java.lang.String,java.lang.String,java.lang.String,int,java.lang.Object)
app.lovable.avishkar.models.ImageItem: int hashCode()
app.lovable.avishkar.models.ImageItem: boolean equals(java.lang.Object)
app.lovable.avishkar.models.ImageItem: java.lang.String getId()
app.lovable.avishkar.models.ImageItem: java.lang.String getTitle()
app.lovable.avishkar.MainActivity: MainActivity()
...
coil.RealImageLoader$execute$2$job$1: java.lang.Object invokeSuspend(java.lang.Object)
com.getcapacitor.CapacitorWebView: CapacitorWebView(android.content.Context,android.util.AttributeSet)
coil.request.ImageRequest$Builder$listener$4: java.lang.Object invoke(java.lang.Object,java.lang.Object)
coil.disk.DiskCache$Builder: coil.disk.DiskCache$Builder minimumMaxSizeBytes(long)
com.getcapacitor.plugin.util.HttpRequestHandler: java.lang.Object readData(com.getcapacitor.plugin.util.ICapacitorHttpUrlConnection,com.getcapacitor.plugin.util.HttpRequestHandler$ResponseType)
org.apache.cordova.CordovaWebViewImpl: void init(org.apache.cordova.CordovaInterface,java.util.List,org.apache.cordova.CordovaPreferences)
coil.request.ImageRequest$Builder$target$2: ImageRequest$Builder$target$2()
coil.disk.DiskLruCache$Entry: coil.disk.DiskLruCache$Editor getCurrentEditor()
androidx.fragment.app.Fragment: void onResume()
coil.ImageLoader: coil.ImageLoader$Builder newBuilder()
com.getcapacitor.CapConfig$Builder: com.getcapacitor.CapConfig$Builder setHostname(java.lang.String)
androidx.recyclerview.widget.RecyclerView: void suppressLayout(boolean)
com.getcapacitor.plugin.util.AssetUtil: AssetUtil(android.content.Context)
androidx.fragment.app.Fragment: boolean performPrepareOptionsMenu(android.view.Menu)
com.getcapacitor.plugin.CapacitorCookies: boolean isEnabled()
coil.request.BaseRequestDelegate: void complete()
org.apache.cordova.CordovaWebViewImpl: void clearCache()
okio.ForwardingSource: void close()
androidx.appcompat.widget.AppCompatAutoCompleteTextView: void setSupportCompoundDrawablesTintMode(android.graphics.PorterDuff$Mode)
androidx.vectordrawable.graphics.drawable.VectorDrawableCompat$VPath: java.lang.String getPathName()
androidx.appcompat.widget.AppCompatSpinner: void setBackgroundResource(int)
coil.memory.MemoryCache$Key: java.util.Map getExtras()
coil.transition.NoneTransition$Factory: coil.transition.Transition create(coil.transition.TransitionTarget,coil.request.ImageResult)
coil.ImageLoader$Builder: coil.ImageLoader$Builder callFactory(kotlin.jvm.functions.Function0)
coil.util.-Bitmaps: boolean isHardware(android.graphics.Bitmap$Config)
com.google.android.material.textfield.TextInputLayout: java.lang.CharSequence getError()
org.apache.cordova.CordovaWebViewImpl: boolean backHistory()
androidx.appcompat.widget.AppCompatAutoCompleteTextView: android.graphics.PorterDuff$Mode getSupportCompoundDrawablesTintMode()
coil.fetch.HttpUriFetcher$Factory: HttpUriFetcher$Factory(kotlin.Lazy,kotlin.Lazy,boolean)
coil.ImageLoader$Builder: coil.ImageLoader$Builder transformationDispatcher(kotlinx.coroutines.CoroutineDispatcher)
coil.request.ImageRequest$Builder: coil.request.ImageRequest$Builder setHeader(java.lang.String,java.lang.String)
androidx.appcompat.widget.AppCompatImageButton: void setBackgroundResource(int)
com.getcapacitor.plugin.util.MimeType: MimeType(java.lang.String,int,java.lang.String)
coil.size.-Sizes: coil.size.Size getOriginalSize()
coil.request.DefinedRequestOptions: int hashCode()
coil.Coil: coil.ImageLoader newImageLoader(android.content.Context)
androidx.coordinatorlayout.widget.CoordinatorLayout: int getSuggestedMinimumWidth()
coil.disk.DiskLruCache$fileSystem$1: DiskLruCache$fileSystem$1(okio.FileSystem)
androidx.appcompat.widget.AppCompatEditText: void setBackgroundDrawable(android.graphics.drawable.Drawable)
coil.ImageLoader$Builder$build$1: ImageLoader$Builder$build$1(coil.ImageLoader$Builder)
com.getcapacitor.Bridge: java.util.Set getAllowedOriginRules()
androidx.fragment.app.Fragment: void performMultiWindowModeChanged(boolean)
coil.disk.DiskCache$-CC: void getFileSystem$annotations()
androidx.appcompat.app.AppCompatActivity: void setContentView(android.view.View)
com.google.android.material.bottomsheet.BottomSheetBehavior: BottomSheetBehavior(android.content.Context,android.util.AttributeSet)
com.getcapacitor.PluginLoadException: PluginLoadException(java.lang.Throwable)