android/app/build/outputs/mapping/release/usage.txt
app.lovable.edaf6c8a99f44154a62e5ea9345f08e9.BR
app.lovable.edaf6c8a99f44154a62e5ea9345f08e9.BuildConfig
app.lovable.edaf6c8a99f44154a62e5ea9345f08e9.DataBinderMapperImpl$InnerBrLookup
app.lovable.edaf6c8a99f44154a62e5ea9345f08e9.DataBinderMapperImpl$InnerLayoutIdLookup
app.lovable.edaf6c8a99f44154a62e5ea9345f08e9.DataBinderMapperImpl:
    public java.lang.String convertBrIdToString(int)
    public androidx.databinding.ViewDataBinding getDataBinder(androidx.databinding.DataBindingComponent,android.view.View,int)
    public androidx.databinding.ViewDataBinding getDataBinder(androidx.databinding.DataBindingComponent,android.view.View[],int)
    public int getLayoutId(java.lang.String)
app.lovable.edaf6c8a99f44154a62e5ea9345f08e9.DataBindingTriggerClass
app.lovable.edaf6c8a99f44154a62e5ea9345f08e9.R$color
app.lovable.edaf6c8a99f44154a62e5ea9345f08e9.R$drawable
app.lovable.edaf6c8a99f44154a62e5ea9345f08e9.R$id
app.lovable.edaf6c8a99f44154a62e5ea9345f08e9.R$layout
app.lovable.edaf6c8a99f44154a62e5ea9345f08e9.R$menu
app.lovable.edaf6c8a99f44154a62e5ea9345f08e9.R$mipmap
app.lovable.edaf6c8a99f44154a62e5ea9345f08e9.R$string
app.lovable.edaf6c8a99f44154a62e5ea9345f08e9.R$style
app.lovable.edaf6c8a99f44154a62e5ea9345f08e9.R$xml
app.lovable.edaf6c8a99f44154a62e5ea9345f08e9.R
app.lovable.edaf6c8a99f44154a62e5ea9345f08e9.databinding.ActivityHomeBinding
app.lovable.edaf6c8a99f44154a62e5ea9345f08e9.databinding.ActivityImageDetailBinding
app.lovable.edaf6c8a99f44154a62e5ea9345f08e9.databinding.ActivityImageManagementBinding
app.lovable.edaf6c8a99f44154a62e5ea9345f08e9.databinding.ItemImageBinding
app.lovable.edaf6c8a99f44154a62e5ea9345f08e9.DataBinderMapperImpl:
    public static final android.util.SparseIntArray INTERNAL_LAYOUT_ID_LOOKUP
...
androidx.core.view.WindowInsetsCompat$Impl30:
    public androidx.core.graphics.Insets getInsetsIgnoringVisibility(int)
    public boolean isVisible(int)
androidx.core.view.WindowInsetsCompat$Impl:
    androidx.core.graphics.Insets getInsetsIgnoringVisibility(int)
    boolean isVisible(int)
androidx.core.view.WindowInsetsCompat$Type$InsetsType
androidx.core.view.WindowInsetsCompat$Type:
    static final int CAPTION_BAR
    static final int DISPLAY_CUTOUT
    static final int FIRST
    static final int IME
    static final int LAST
    static final int MANDATORY_SYSTEM_GESTURES
    static final int NAVIGATION_BARS
    static final int SIZE
    static final int STATUS_BARS
    static final int SYSTEM_GESTURES
    static final int TAPPABLE_ELEMENT
    static final int WINDOW_DECOR
    private void <init>()
    static int all()
    public static int captionBar()
    public static int displayCutout()
    public static int navigationBars()
    public static int statusBars()
    public static int systemGestures()
    public static int tappableElement()
androidx.core.view.WindowInsetsCompat$TypeImpl30:
    private void <init>()
androidx.core.view.WindowInsetsCompat:
    private static final java.lang.String TAG
    public androidx.core.graphics.Insets getInsetsIgnoringVisibility(int)
    public androidx.core.graphics.Insets getMandatorySystemGestureInsets()
    public int getStableInsetBottom()
    public int getStableInsetLeft()
    public int getStableInsetRight()
    public int getStableInsetTop()
    public androidx.core.graphics.Insets getSystemGestureInsets()
    public androidx.core.graphics.Insets getSystemWindowInsets()
    public androidx.core.graphics.Insets getTappableElementInsets()
    public boolean hasInsets()
    public boolean hasStableInsets()
    public boolean hasSystemWindowInsets()
    public androidx.core.view.WindowInsetsCompat inset(androidx.core.graphics.Insets)
    public boolean isRound()
    public boolean isVisible(int)
    public androidx.core.view.WindowInsetsCompat replaceSystemWindowInsets(android.graphics.Rect)
androidx.core.view.WindowInsetsControllerCompat$Impl20:
    void addOnControllableInsetsChangedListener(androidx.core.view.WindowInsetsControllerCompat$OnControllableInsetsChangedListener)
    void controlWindowInsetsAnimation(int,long,android.view.animation.Interpolator,android.os.CancellationSignal,androidx.core.view.WindowInsetsAnimationControlListenerCompat)
    int getSystemBarsBehavior()
    void hide(int)
    private void hideForType(int)
    void removeOnControllableInsetsChangedListener(androidx.core.view.WindowInsetsControllerCompat$OnControllableInsetsChangedListener)
    void setSystemBarsBehavior(int)
androidx.core.view.WindowInsetsControllerCompat$Impl23:
    public boolean isAppearanceLightStatusBars()
androidx.core.view.WindowInsetsControllerCompat$Impl26:
    public boolean isAppearanceLightNavigationBars()
androidx.core.view.WindowInsetsControllerCompat$Impl30$1
androidx.core.view.WindowInsetsControllerCompat$Impl30:
    void addOnControllableInsetsChangedListener(androidx.core.view.WindowInsetsControllerCompat$OnControllableInsetsChangedListener)
    void controlWindowInsetsAnimation(int,long,android.view.animation.Interpolator,android.os.CancellationSignal,androidx.core.view.WindowInsetsAnimationControlListenerCompat)
    int getSystemBarsBehavior()
    void hide(int)
    public boolean isAppearanceLightNavigationBars()
    public boolean isAppearanceLightStatusBars()
    private synthetic void lambda$addOnControllableInsetsChangedListener$0(androidx.core.view.WindowInsetsControllerCompat$OnControllableInsetsChangedListener,android.view.WindowInsetsController,int)
    void removeOnControllableInsetsChangedListener(androidx.core.view.WindowInsetsControllerCompat$OnControllableInsetsChangedListener)
    void setSystemBarsBehavior(int)